<?xml version="1.0" encoding="UTF-8"?>
<testsuite xmlns:xsi="http://www.w3.org/2001/XMLSchema-instance" xsi:noNamespaceSchemaLocation="https://maven.apache.org/surefire/maven-surefire-plugin/xsd/surefire-test-report.xsd" name="zooAnimals.WildCatTest" time="0.001" tests="7" errors="0" skipped="0" failures="0">
  <properties>
[...]
</properties>
  <testcase name="SetGetIsHungry" classname="zooAnimals.WildCatTest" time="0"/>
  <testcase name="ConstructorTest1" classname="zooAnimals.WildCatTest" time="0"/>
  <testcase name="ConstructorTest2" classname="zooAnimals.WildCatTest" time="0"/>
  <testcase name="SetGetName" classname="zooAnimals.WildCatTest" time="0"/>
  <testcase name="SetGetBreed" classname="zooAnimals.WildCatTest" time="0"/>
  <testcase name="ConstructorTest" classname="zooAnimals.WildCatTest" time="0"/>
  <testcase name="SetGetDateOfBirth" classname="zooAnimals.WildCatTest" time="0"/>
</testsuite>